<?xml version="1.0" encoding="UTF-8"?>
<robot generator="Robot 4.1.2 (Python 3.8.10 on win32)" generated="20221023 21:45:13.659" rpa="false" schemaversion="2">
<suite id="s1" name="createUser" source="C:\Users\lanre\PycharmProjects\browserlib_automationPractice\createUser.robot">
<test id="s1-t1" name="Create new account">
<kw name="Set Browser Timeout" library="Browser">
<arg>30 seconds</arg>
<tag>Config</tag>
<tag>Setter</tag>
<doc>Sets the timeout used by most input and getter keywords.</doc>
<status status="PASS" starttime="20221023 21:45:16.779" endtime="20221023 21:45:16.793"/>
</kw>
<kw name="Go to the Login Page" library="Browserlib_keyword">
<kw name="New Browser" library="Browser">
<arg>Chromium</arg>
<arg>headless=true</arg>
<tag>BrowserControl</tag>
<tag>Setter</tag>
<doc>Create a new playwright Browser with specified options.</doc>
<msg timestamp="20221023 21:45:16.795" level="INFO">{"browser": "chromium", "headless": true, "handleSIGINT": true, "handleSIGTERM": true, "handleSIGHUP": true, "timeout": 30000.0, "devtools": false, "slowMo": 0.0, "tracesDir": "C:\\Users\\lanre\\PycharmProjects\\browserlib_automationPractice\\browser\\traces\\dccdd59b-3eb1-4f40-adcc-ca118af33718"}</msg>
<msg timestamp="20221023 21:45:18.430" level="INFO">Successfully created browser with options: {"browser":"chromium","headless":true,"handleSIGINT":true,"handleSIGTERM":true,"handleSIGHUP":true,"timeout":30000,"devtools":false,"slowMo":0,"tracesDir":"C:\\Users\\lanre\\PycharmProjects\\browserlib_automationPractice\\browser\\traces\\dccdd59b-3eb1-4f40-adcc-ca118af33718"}</msg>
<status status="PASS" starttime="20221023 21:45:16.795" endtime="20221023 21:45:18.430"/>
</kw>
<kw name="New Page" library="Browser">
<arg>http://automationpractice.com/index.php?</arg>
<tag>BrowserControl</tag>
<tag>Setter</tag>
<doc>Open a new Page. A Page is the Playwright equivalent to a tab.
See `Browser, Context and Page` for more information about Page concept.
Returns a stable identifier for the created page.</doc>
<msg timestamp="20221023 21:45:29.529" level="INFO">Successfully initialized new page object and opened url: http://automationpractice.com/index.php?</msg>
<msg timestamp="20221023 21:45:29.529" level="INFO">No context was open. New context was automatically opened when this page is created.</msg>
<status status="PASS" starttime="20221023 21:45:18.430" endtime="20221023 21:45:29.529"/>
</kw>
<kw name="Click" library="Browser">
<arg>xpath=//*[@id="header"]/div[2]/div/div/nav/div[1]/a</arg>
<tag>PageContent</tag>
<tag>Setter</tag>
<doc>Simulates mouse click on the element found by ``selector``.</doc>
<status status="PASS" starttime="20221023 21:45:29.530" endtime="20221023 21:45:31.951"/>
</kw>
<status status="PASS" starttime="20221023 21:45:16.794" endtime="20221023 21:45:31.951"/>
</kw>
<kw name="Enter email for new user and click the create account button" library="Browserlib_keyword">
<kw name="Email" library="FakerLibrary">
<var>${email}</var>
<msg timestamp="20221023 21:45:31.955" level="INFO">${email} = jmann@example.com</msg>
<status status="PASS" starttime="20221023 21:45:31.954" endtime="20221023 21:45:31.955"/>
</kw>
<kw name="Log" library="BuiltIn">
<arg>${email}</arg>
<doc>Logs the given message with the given level.</doc>
<msg timestamp="20221023 21:45:31.955" level="INFO">jmann@example.com</msg>
<status status="PASS" starttime="20221023 21:45:31.955" endtime="20221023 21:45:31.956"/>
</kw>
<kw name="Set Test Variable" library="BuiltIn">
<arg>${email}</arg>
<doc>Makes a variable available everywhere within the scope of the current test.</doc>
<msg timestamp="20221023 21:45:31.956" level="INFO">${email} = jmann@example.com</msg>
<status status="PASS" starttime="20221023 21:45:31.956" endtime="20221023 21:45:31.957"/>
</kw>
<kw name="Fill Text" library="Browser">
<arg>id=email_create</arg>
<arg>${email}</arg>
<tag>PageContent</tag>
<tag>Setter</tag>
<doc>Clears and fills the given ``txt`` into the text field found by ``selector``.</doc>
<msg timestamp="20221023 21:45:31.957" level="INFO">Fills the text 'jmann@example.com' in the given field.</msg>
<status status="PASS" starttime="20221023 21:45:31.957" endtime="20221023 21:45:32.700"/>
</kw>
<kw name="Click" library="Browser">
<arg>id=SubmitCreate</arg>
<tag>PageContent</tag>
<tag>Setter</tag>
<doc>Simulates mouse click on the element found by ``selector``.</doc>
<status status="PASS" starttime="20221023 21:45:32.700" endtime="20221023 21:45:32.795"/>
</kw>
<status status="PASS" starttime="20221023 21:45:31.953" endtime="20221023 21:45:32.795"/>
</kw>
<kw name="Enter firstname, lastname and password" library="Browserlib_keyword">
<arg>Lola</arg>
<arg>Gold</arg>
<arg>testing</arg>
<kw name="Fill Text" library="Browser">
<arg>${USER_FIRSTNAME}</arg>
<arg>${firstname}</arg>
<tag>PageContent</tag>
<tag>Setter</tag>
<doc>Clears and fills the given ``txt`` into the text field found by ``selector``.</doc>
<msg timestamp="20221023 21:45:32.796" level="INFO">Fills the text 'Lola' in the given field.</msg>
<status status="PASS" starttime="20221023 21:45:32.796" endtime="20221023 21:45:34.590"/>
</kw>
<kw name="Fill Text" library="Browser">
<arg>${USER_LASTNAME}</arg>
<arg>${lastname}</arg>
<tag>PageContent</tag>
<tag>Setter</tag>
<doc>Clears and fills the given ``txt`` into the text field found by ``selector``.</doc>
<msg timestamp="20221023 21:45:34.591" level="INFO">Fills the text 'Gold' in the given field.</msg>
<status status="PASS" starttime="20221023 21:45:34.590" endtime="20221023 21:45:34.641"/>
</kw>
<kw name="Fill Text" library="Browser">
<arg>${NEW_USER_PASSWD}</arg>
<arg>${password}</arg>
<tag>PageContent</tag>
<tag>Setter</tag>
<doc>Clears and fills the given ``txt`` into the text field found by ``selector``.</doc>
<msg timestamp="20221023 21:45:34.642" level="INFO">Fills the text 'testing' in the given field.</msg>
<status status="PASS" starttime="20221023 21:45:34.641" endtime="20221023 21:45:34.687"/>
</kw>
<status status="PASS" starttime="20221023 21:45:32.795" endtime="20221023 21:45:34.687"/>
</kw>
<kw name="Select user date of birth in days, months and Years" library="Browserlib_keyword">
<kw name="Select Options By" library="Browser">
<arg>${DOB_DAYS}</arg>
<arg>Value</arg>
<arg>10</arg>
<tag>PageContent</tag>
<tag>Setter</tag>
<doc>Selects options from select element found by ``selector``.</doc>
<status status="PASS" starttime="20221023 21:45:34.689" endtime="20221023 21:45:34.727"/>
</kw>
<kw name="Select Options By" library="Browser">
<arg>${DOB_MONTHS}</arg>
<arg>index</arg>
<arg>9</arg>
<tag>PageContent</tag>
<tag>Setter</tag>
<doc>Selects options from select element found by ``selector``.</doc>
<status status="PASS" starttime="20221023 21:45:34.728" endtime="20221023 21:45:34.760"/>
</kw>
<kw name="Select Options By" library="Browser">
<arg>${DOB_YEARS}</arg>
<arg>Value</arg>
<arg>1990</arg>
<tag>PageContent</tag>
<tag>Setter</tag>
<doc>Selects options from select element found by ``selector``.</doc>
<status status="PASS" starttime="20221023 21:45:34.760" endtime="20221023 21:45:34.791"/>
</kw>
<status status="PASS" starttime="20221023 21:45:34.688" endtime="20221023 21:45:34.791"/>
</kw>
<kw name="Enter latter firstname and lastname" library="Browserlib_keyword">
<arg>Lola</arg>
<arg>Gold</arg>
<kw name="Fill Text" library="Browser">
<arg>${LATTER_FIRSTNAME}</arg>
<arg>${firstname}</arg>
<tag>PageContent</tag>
<tag>Setter</tag>
<doc>Clears and fills the given ``txt`` into the text field found by ``selector``.</doc>
<msg timestamp="20221023 21:45:34.793" level="INFO">Fills the text 'Lola' in the given field.</msg>
<status status="PASS" starttime="20221023 21:45:34.793" endtime="20221023 21:45:34.829"/>
</kw>
<kw name="Fill Text" library="Browser">
<arg>${LATTER_LASTNAME}</arg>
<arg>${lastname}</arg>
<tag>PageContent</tag>
<tag>Setter</tag>
<doc>Clears and fills the given ``txt`` into the text field found by ``selector``.</doc>
<msg timestamp="20221023 21:45:34.830" level="INFO">Fills the text 'Gold' in the given field.</msg>
<status status="PASS" starttime="20221023 21:45:34.830" endtime="20221023 21:45:34.870"/>
</kw>
<status status="PASS" starttime="20221023 21:45:34.792" endtime="20221023 21:45:34.870"/>
</kw>
<kw name="Enter address, City, State, postcoode, mobile, alias and click on register" library="Browserlib_keyword">
<kw name="Fill Text" library="Browser">
<arg>${USER_ADDRESS}</arg>
<arg>Testing street</arg>
<tag>PageContent</tag>
<tag>Setter</tag>
<doc>Clears and fills the given ``txt`` into the text field found by ``selector``.</doc>
<msg timestamp="20221023 21:45:34.872" level="INFO">Fills the text 'Testing street' in the given field.</msg>
<status status="PASS" starttime="20221023 21:45:34.872" endtime="20221023 21:45:34.911"/>
</kw>
<kw name="Fill Text" library="Browser">
<arg>${USER_CITY}</arg>
<arg>Chicago</arg>
<tag>PageContent</tag>
<tag>Setter</tag>
<doc>Clears and fills the given ``txt`` into the text field found by ``selector``.</doc>
<msg timestamp="20221023 21:45:34.912" level="INFO">Fills the text 'Chicago' in the given field.</msg>
<status status="PASS" starttime="20221023 21:45:34.911" endtime="20221023 21:45:34.949"/>
</kw>
<kw name="Select Options By" library="Browser">
<arg>${USER_STATE}</arg>
<arg>Text</arg>
<arg>Illinois</arg>
<tag>PageContent</tag>
<tag>Setter</tag>
<doc>Selects options from select element found by ``selector``.</doc>
<status status="PASS" starttime="20221023 21:45:34.950" endtime="20221023 21:45:35.222"/>
</kw>
<kw name="Fill Text" library="Browser">
<arg>${USER_POSTCODE}</arg>
<arg>00000</arg>
<tag>PageContent</tag>
<tag>Setter</tag>
<doc>Clears and fills the given ``txt`` into the text field found by ``selector``.</doc>
<msg timestamp="20221023 21:45:35.223" level="INFO">Fills the text '00000' in the given field.</msg>
<status status="PASS" starttime="20221023 21:45:35.223" endtime="20221023 21:45:35.256"/>
</kw>
<kw name="Fill Text" library="Browser">
<arg>${USER_MOBILE}</arg>
<arg>123456789</arg>
<tag>PageContent</tag>
<tag>Setter</tag>
<doc>Clears and fills the given ``txt`` into the text field found by ``selector``.</doc>
<msg timestamp="20221023 21:45:35.257" level="INFO">Fills the text '123456789' in the given field.</msg>
<status status="PASS" starttime="20221023 21:45:35.257" endtime="20221023 21:45:35.293"/>
</kw>
<kw name="Fill Text" library="Browser">
<arg>${ADD_ALIAS}</arg>
<arg>QA House</arg>
<tag>PageContent</tag>
<tag>Setter</tag>
<doc>Clears and fills the given ``txt`` into the text field found by ``selector``.</doc>
<msg timestamp="20221023 21:45:35.294" level="INFO">Fills the text 'QA House' in the given field.</msg>
<status status="PASS" starttime="20221023 21:45:35.293" endtime="20221023 21:45:35.326"/>
</kw>
<kw name="Click" library="Browser">
<arg>${REGISTER_BTN}</arg>
<tag>PageContent</tag>
<tag>Setter</tag>
<doc>Simulates mouse click on the element found by ``selector``.</doc>
<status status="PASS" starttime="20221023 21:45:35.327" endtime="20221023 21:45:37.722"/>
</kw>
<kw name="Get Text" library="Browser">
<arg>xpath=//*[@id="header"]/div[2]/div/div/nav/div[1]/a/span</arg>
<arg>==</arg>
<arg>Lola Gold</arg>
<tag>Assertion</tag>
<tag>Getter</tag>
<tag>PageContent</tag>
<doc>Returns text attribute of the element found by ``selector``.</doc>
<status status="PASS" starttime="20221023 21:45:37.722" endtime="20221023 21:45:38.085"/>
</kw>
<status status="PASS" starttime="20221023 21:45:34.871" endtime="20221023 21:45:38.085"/>
</kw>
<status status="PASS" starttime="20221023 21:45:16.776" endtime="20221023 21:45:38.086"/>
</test>
<doc>test based on browserlibrary keywords</doc>
<status status="PASS" starttime="20221023 21:45:13.663" endtime="20221023 21:45:38.123"/>
</suite>
<statistics>
<total>
<stat pass="1" fail="0" skip="0">All Tests</stat>
</total>
<tag>
</tag>
<suite>
<stat pass="1" fail="0" skip="0" id="s1" name="createUser">createUser</stat>
</suite>
</statistics>
<errors>
</errors>
</robot>
